<?xml version="1.0" encoding="UTF-8" ?>

<testsuite failures="0" time="0.034" errors="0" skipped="0" tests="5" name="BasicTest">
  <testcase classname="BasicTest" name="createAndRetrieveUser" time="0.003">
      </testcase>
  <testcase classname="BasicTest" name="tryConnectAsUser" time="0.004">
      </testcase>
  <testcase classname="BasicTest" name="createPost" time="0.005">
      </testcase>
  <testcase classname="BasicTest" name="postComment" time="0.007">
      </testcase>
  <testcase classname="BasicTest" name="useTheCommentsRelation" time="0.015">
      </testcase>
</testsuite>
